[debug] [2024-11-25T11:48:39.902Z] ----------------------------------------------------------------------
[debug] [2024-11-25T11:48:39.905Z] Command:       C:\Program Files\nodejs\node.exe C:\Users\Tanar\AppData\Roaming\npm\node_modules\firebase-tools\lib\bin\firebase.js deploy --only functions
[debug] [2024-11-25T11:48:39.906Z] CLI Version:   13.25.0
[debug] [2024-11-25T11:48:39.906Z] Platform:      win32
[debug] [2024-11-25T11:48:39.906Z] Node Version:  v20.17.0
[debug] [2024-11-25T11:48:39.906Z] Time:          Mon Nov 25 2024 12:48:39 GMT+0100 (közép-európai téli idő)
[debug] [2024-11-25T11:48:39.907Z] ----------------------------------------------------------------------
[debug] 
[debug] [2024-11-25T11:48:39.980Z] > command requires scopes: ["email","openid","https://www.googleapis.com/auth/cloudplatformprojects.readonly","https://www.googleapis.com/auth/firebase","https://www.googleapis.com/auth/cloud-platform"]
[debug] [2024-11-25T11:48:39.980Z] > authorizing via signed-in user (jagerattila@gmail.com)
[debug] [2024-11-25T11:48:39.981Z] [iam] checking project spider-116a2 for permissions ["cloudfunctions.functions.create","cloudfunctions.functions.delete","cloudfunctions.functions.get","cloudfunctions.functions.list","cloudfunctions.functions.update","cloudfunctions.operations.get","firebase.projects.get"]
[debug] [2024-11-25T11:48:39.982Z] Checked if tokens are valid: true, expires at: 1732538308541
[debug] [2024-11-25T11:48:39.982Z] Checked if tokens are valid: true, expires at: 1732538308541
[debug] [2024-11-25T11:48:39.983Z] >>> [apiv2][query] POST https://cloudresourcemanager.googleapis.com/v1/projects/spider-116a2:testIamPermissions [none]
[debug] [2024-11-25T11:48:39.983Z] >>> [apiv2][(partial)header] POST https://cloudresourcemanager.googleapis.com/v1/projects/spider-116a2:testIamPermissions x-goog-quota-user=projects/spider-116a2
[debug] [2024-11-25T11:48:39.983Z] >>> [apiv2][body] POST https://cloudresourcemanager.googleapis.com/v1/projects/spider-116a2:testIamPermissions {"permissions":["cloudfunctions.functions.create","cloudfunctions.functions.delete","cloudfunctions.functions.get","cloudfunctions.functions.list","cloudfunctions.functions.update","cloudfunctions.operations.get","firebase.projects.get"]}
[debug] [2024-11-25T11:48:40.805Z] <<< [apiv2][status] POST https://cloudresourcemanager.googleapis.com/v1/projects/spider-116a2:testIamPermissions 200
[debug] [2024-11-25T11:48:40.805Z] <<< [apiv2][body] POST https://cloudresourcemanager.googleapis.com/v1/projects/spider-116a2:testIamPermissions {"permissions":["cloudfunctions.functions.create","cloudfunctions.functions.delete","cloudfunctions.functions.get","cloudfunctions.functions.list","cloudfunctions.functions.update","cloudfunctions.operations.get","firebase.projects.get"]}
[debug] [2024-11-25T11:48:40.805Z] Checked if tokens are valid: true, expires at: 1732538308541
[debug] [2024-11-25T11:48:40.805Z] Checked if tokens are valid: true, expires at: 1732538308541
[debug] [2024-11-25T11:48:40.805Z] >>> [apiv2][query] POST https://iam.googleapis.com/v1/projects/spider-116a2/serviceAccounts/spider-116a2@appspot.gserviceaccount.com:testIamPermissions [none]
[debug] [2024-11-25T11:48:40.805Z] >>> [apiv2][body] POST https://iam.googleapis.com/v1/projects/spider-116a2/serviceAccounts/spider-116a2@appspot.gserviceaccount.com:testIamPermissions {"permissions":["iam.serviceAccounts.actAs"]}
[debug] [2024-11-25T11:48:41.858Z] <<< [apiv2][status] POST https://iam.googleapis.com/v1/projects/spider-116a2/serviceAccounts/spider-116a2@appspot.gserviceaccount.com:testIamPermissions 200
[debug] [2024-11-25T11:48:41.859Z] <<< [apiv2][body] POST https://iam.googleapis.com/v1/projects/spider-116a2/serviceAccounts/spider-116a2@appspot.gserviceaccount.com:testIamPermissions {"permissions":["iam.serviceAccounts.actAs"]}
[info] 
[info] === Deploying to 'spider-116a2'...
[info] 
[info] i  deploying functions 
[debug] [2024-11-25T11:48:41.878Z] Checked if tokens are valid: true, expires at: 1732538308541
[debug] [2024-11-25T11:48:41.878Z] Checked if tokens are valid: true, expires at: 1732538308541
[debug] [2024-11-25T11:48:41.879Z] >>> [apiv2][query] GET https://firebase.googleapis.com/v1beta1/projects/spider-116a2 [none]
[debug] [2024-11-25T11:48:42.347Z] <<< [apiv2][status] GET https://firebase.googleapis.com/v1beta1/projects/spider-116a2 200
[debug] [2024-11-25T11:48:42.347Z] <<< [apiv2][body] GET https://firebase.googleapis.com/v1beta1/projects/spider-116a2 {"projectId":"spider-116a2","projectNumber":"843244814928","displayName":"Spider","name":"projects/spider-116a2","resources":{"hostingSite":"spider-116a2","realtimeDatabaseInstance":"spider-116a2-default-rtdb"},"state":"ACTIVE","etag":"1_5e8c1f10-a38d-4f7a-b2ea-c5147416030e"}
[info] i  functions: preparing codebase default for deployment 
[info] i  functions: ensuring required API cloudfunctions.googleapis.com is enabled... 
[debug] [2024-11-25T11:48:42.349Z] Checked if tokens are valid: true, expires at: 1732538308541
[debug] [2024-11-25T11:48:42.349Z] Checked if tokens are valid: true, expires at: 1732538308541
[debug] [2024-11-25T11:48:42.349Z] Checked if tokens are valid: true, expires at: 1732538308541
[debug] [2024-11-25T11:48:42.349Z] Checked if tokens are valid: true, expires at: 1732538308541
[info] i  functions: ensuring required API cloudbuild.googleapis.com is enabled... 
[debug] [2024-11-25T11:48:42.353Z] Checked if tokens are valid: true, expires at: 1732538308541
[debug] [2024-11-25T11:48:42.353Z] Checked if tokens are valid: true, expires at: 1732538308541
[info] i  artifactregistry: ensuring required API artifactregistry.googleapis.com is enabled... 
[debug] [2024-11-25T11:48:42.354Z] Checked if tokens are valid: true, expires at: 1732538308541
[debug] [2024-11-25T11:48:42.354Z] Checked if tokens are valid: true, expires at: 1732538308541
[debug] [2024-11-25T11:48:42.354Z] >>> [apiv2][query] GET https://serviceusage.googleapis.com/v1/projects/spider-116a2/services/cloudfunctions.googleapis.com [none]
[debug] [2024-11-25T11:48:42.354Z] >>> [apiv2][(partial)header] GET https://serviceusage.googleapis.com/v1/projects/spider-116a2/services/cloudfunctions.googleapis.com x-goog-quota-user=projects/spider-116a2
[debug] [2024-11-25T11:48:42.355Z] >>> [apiv2][query] GET https://serviceusage.googleapis.com/v1/projects/spider-116a2/services/runtimeconfig.googleapis.com [none]
[debug] [2024-11-25T11:48:42.355Z] >>> [apiv2][(partial)header] GET https://serviceusage.googleapis.com/v1/projects/spider-116a2/services/runtimeconfig.googleapis.com x-goog-quota-user=projects/spider-116a2
[debug] [2024-11-25T11:48:42.356Z] >>> [apiv2][query] GET https://serviceusage.googleapis.com/v1/projects/spider-116a2/services/cloudbuild.googleapis.com [none]
[debug] [2024-11-25T11:48:42.356Z] >>> [apiv2][(partial)header] GET https://serviceusage.googleapis.com/v1/projects/spider-116a2/services/cloudbuild.googleapis.com x-goog-quota-user=projects/spider-116a2
[debug] [2024-11-25T11:48:42.358Z] >>> [apiv2][query] GET https://serviceusage.googleapis.com/v1/projects/spider-116a2/services/artifactregistry.googleapis.com [none]
[debug] [2024-11-25T11:48:42.358Z] >>> [apiv2][(partial)header] GET https://serviceusage.googleapis.com/v1/projects/spider-116a2/services/artifactregistry.googleapis.com x-goog-quota-user=projects/spider-116a2
[debug] [2024-11-25T11:48:43.317Z] <<< [apiv2][status] GET https://serviceusage.googleapis.com/v1/projects/spider-116a2/services/runtimeconfig.googleapis.com 200
[debug] [2024-11-25T11:48:43.318Z] <<< [apiv2][body] GET https://serviceusage.googleapis.com/v1/projects/spider-116a2/services/runtimeconfig.googleapis.com [omitted]
[debug] [2024-11-25T11:48:43.328Z] <<< [apiv2][status] GET https://serviceusage.googleapis.com/v1/projects/spider-116a2/services/cloudfunctions.googleapis.com 200
[debug] [2024-11-25T11:48:43.329Z] <<< [apiv2][body] GET https://serviceusage.googleapis.com/v1/projects/spider-116a2/services/cloudfunctions.googleapis.com [omitted]
[info] +  functions: required API cloudfunctions.googleapis.com is enabled 
[debug] [2024-11-25T11:48:43.331Z] <<< [apiv2][status] GET https://serviceusage.googleapis.com/v1/projects/spider-116a2/services/cloudbuild.googleapis.com 200
[debug] [2024-11-25T11:48:43.331Z] <<< [apiv2][body] GET https://serviceusage.googleapis.com/v1/projects/spider-116a2/services/cloudbuild.googleapis.com [omitted]
[warn] !  functions: missing required API cloudbuild.googleapis.com. Enabling now... 
[debug] [2024-11-25T11:48:43.333Z] Checked if tokens are valid: true, expires at: 1732538308541
[debug] [2024-11-25T11:48:43.333Z] Checked if tokens are valid: true, expires at: 1732538308541
[debug] [2024-11-25T11:48:43.333Z] >>> [apiv2][query] POST https://serviceusage.googleapis.com/v1/projects/spider-116a2/services/cloudbuild.googleapis.com:enable [none]
[debug] [2024-11-25T11:48:43.334Z] >>> [apiv2][(partial)header] POST https://serviceusage.googleapis.com/v1/projects/spider-116a2/services/cloudbuild.googleapis.com:enable x-goog-quota-user=projects/spider-116a2
[debug] [2024-11-25T11:48:43.338Z] <<< [apiv2][status] GET https://serviceusage.googleapis.com/v1/projects/spider-116a2/services/artifactregistry.googleapis.com 200
[debug] [2024-11-25T11:48:43.338Z] <<< [apiv2][body] GET https://serviceusage.googleapis.com/v1/projects/spider-116a2/services/artifactregistry.googleapis.com [omitted]
[warn] !  artifactregistry: missing required API artifactregistry.googleapis.com. Enabling now... 
[debug] [2024-11-25T11:48:43.338Z] Checked if tokens are valid: true, expires at: 1732538308541
[debug] [2024-11-25T11:48:43.339Z] Checked if tokens are valid: true, expires at: 1732538308541
[debug] [2024-11-25T11:48:43.339Z] >>> [apiv2][query] POST https://serviceusage.googleapis.com/v1/projects/spider-116a2/services/artifactregistry.googleapis.com:enable [none]
[debug] [2024-11-25T11:48:43.339Z] >>> [apiv2][(partial)header] POST https://serviceusage.googleapis.com/v1/projects/spider-116a2/services/artifactregistry.googleapis.com:enable x-goog-quota-user=projects/spider-116a2
[debug] [2024-11-25T11:48:43.965Z] <<< [apiv2][status] POST https://serviceusage.googleapis.com/v1/projects/spider-116a2/services/artifactregistry.googleapis.com:enable 200
[debug] [2024-11-25T11:48:43.966Z] <<< [apiv2][body] POST https://serviceusage.googleapis.com/v1/projects/spider-116a2/services/artifactregistry.googleapis.com:enable [omitted]
[debug] [2024-11-25T11:48:44.069Z] <<< [apiv2][status] POST https://serviceusage.googleapis.com/v1/projects/spider-116a2/services/cloudbuild.googleapis.com:enable 200
[debug] [2024-11-25T11:48:44.069Z] <<< [apiv2][body] POST https://serviceusage.googleapis.com/v1/projects/spider-116a2/services/cloudbuild.googleapis.com:enable [omitted]
[debug] [2024-11-25T11:48:53.971Z] Checked if tokens are valid: true, expires at: 1732538308541
[debug] [2024-11-25T11:48:53.972Z] Checked if tokens are valid: true, expires at: 1732538308541
[debug] [2024-11-25T11:48:53.972Z] >>> [apiv2][query] GET https://serviceusage.googleapis.com/v1/projects/spider-116a2/services/artifactregistry.googleapis.com [none]
[debug] [2024-11-25T11:48:53.973Z] >>> [apiv2][(partial)header] GET https://serviceusage.googleapis.com/v1/projects/spider-116a2/services/artifactregistry.googleapis.com x-goog-quota-user=projects/spider-116a2
[debug] [2024-11-25T11:48:54.081Z] Checked if tokens are valid: true, expires at: 1732538308541
[debug] [2024-11-25T11:48:54.081Z] Checked if tokens are valid: true, expires at: 1732538308541
[debug] [2024-11-25T11:48:54.082Z] >>> [apiv2][query] GET https://serviceusage.googleapis.com/v1/projects/spider-116a2/services/cloudbuild.googleapis.com [none]
[debug] [2024-11-25T11:48:54.082Z] >>> [apiv2][(partial)header] GET https://serviceusage.googleapis.com/v1/projects/spider-116a2/services/cloudbuild.googleapis.com x-goog-quota-user=projects/spider-116a2
[debug] [2024-11-25T11:48:54.891Z] <<< [apiv2][status] GET https://serviceusage.googleapis.com/v1/projects/spider-116a2/services/artifactregistry.googleapis.com 200
[debug] [2024-11-25T11:48:54.891Z] <<< [apiv2][body] GET https://serviceusage.googleapis.com/v1/projects/spider-116a2/services/artifactregistry.googleapis.com [omitted]
[info] +  artifactregistry: required API artifactregistry.googleapis.com is enabled 
[debug] [2024-11-25T11:48:54.996Z] <<< [apiv2][status] GET https://serviceusage.googleapis.com/v1/projects/spider-116a2/services/cloudbuild.googleapis.com 200
[debug] [2024-11-25T11:48:54.996Z] <<< [apiv2][body] GET https://serviceusage.googleapis.com/v1/projects/spider-116a2/services/cloudbuild.googleapis.com [omitted]
[info] +  functions: required API cloudbuild.googleapis.com is enabled 
[debug] [2024-11-25T11:48:54.998Z] Checked if tokens are valid: true, expires at: 1732538308541
[debug] [2024-11-25T11:48:54.998Z] Checked if tokens are valid: true, expires at: 1732538308541
[debug] [2024-11-25T11:48:54.998Z] >>> [apiv2][query] GET https://firebase.googleapis.com/v1beta1/projects/spider-116a2/adminSdkConfig [none]
[debug] [2024-11-25T11:48:55.301Z] <<< [apiv2][status] GET https://firebase.googleapis.com/v1beta1/projects/spider-116a2/adminSdkConfig 200
[debug] [2024-11-25T11:48:55.301Z] <<< [apiv2][body] GET https://firebase.googleapis.com/v1beta1/projects/spider-116a2/adminSdkConfig {"projectId":"spider-116a2","databaseURL":"https://spider-116a2-default-rtdb.europe-west1.firebasedatabase.app","storageBucket":"spider-116a2.firebasestorage.app"}
[debug] [2024-11-25T11:48:55.302Z] Checked if tokens are valid: true, expires at: 1732538308541
[debug] [2024-11-25T11:48:55.302Z] Checked if tokens are valid: true, expires at: 1732538308541
[debug] [2024-11-25T11:48:55.302Z] >>> [apiv2][query] GET https://runtimeconfig.googleapis.com/v1beta1/projects/spider-116a2/configs [none]
[debug] [2024-11-25T11:48:55.985Z] <<< [apiv2][status] GET https://runtimeconfig.googleapis.com/v1beta1/projects/spider-116a2/configs 200
[debug] [2024-11-25T11:48:55.985Z] <<< [apiv2][body] GET https://runtimeconfig.googleapis.com/v1beta1/projects/spider-116a2/configs {}
[debug] [2024-11-25T11:48:55.988Z] Validating nodejs source
[debug] [2024-11-25T11:48:56.853Z] > [functions] package.json contents: {
  "name": "functions",
  "description": "Cloud Functions for Firebase",
  "scripts": {
    "serve": "firebase emulators:start --only functions",
    "shell": "firebase functions:shell",
    "start": "npm run shell",
    "deploy": "firebase deploy --only functions",
    "logs": "firebase functions:log"
  },
  "engines": {
    "node": "20"
  },
  "main": "index.js",
  "dependencies": {
    "body-parser": "^1.20.3",
    "cors": "^2.8.5",
    "express": "^4.21.1",
    "firebase-admin": "^12.7.0",
    "firebase-functions": "^6.0.1"
  },
  "devDependencies": {
    "firebase-functions-test": "^3.1.0"
  },
  "private": true
}
[debug] [2024-11-25T11:48:56.853Z] Building nodejs source
[info] i  functions: Loading and analyzing source code for codebase default to determine what to deploy 
[debug] [2024-11-25T11:48:56.855Z] Could not find functions.yaml. Must use http discovery
[debug] [2024-11-25T11:48:56.866Z] Found firebase-functions binary at 'C:\Users\Tanar\Desktop\2024.11.25\Spider\functions\node_modules\.bin\firebase-functions'
[info] Serving at port 8214

[debug] [2024-11-25T11:48:57.331Z] Got response from /__/functions.yaml {"endpoints":{"api":{"availableMemoryMb":null,"timeoutSeconds":null,"minInstances":null,"maxInstances":null,"ingressSettings":null,"concurrency":null,"serviceAccountEmail":null,"vpc":null,"platform":"gcfv2","labels":{},"httpsTrigger":{},"entryPoint":"api"}},"specVersion":"v1alpha1","requiredAPIs":[],"extensions":{}}
[info] i  extensions: ensuring required API firebaseextensions.googleapis.com is enabled... 
[debug] [2024-11-25T11:49:02.390Z] Checked if tokens are valid: true, expires at: 1732538308541
[debug] [2024-11-25T11:49:02.390Z] Checked if tokens are valid: true, expires at: 1732538308541
[debug] [2024-11-25T11:49:02.391Z] >>> [apiv2][query] GET https://serviceusage.googleapis.com/v1/projects/spider-116a2/services/firebaseextensions.googleapis.com [none]
[debug] [2024-11-25T11:49:02.391Z] >>> [apiv2][(partial)header] GET https://serviceusage.googleapis.com/v1/projects/spider-116a2/services/firebaseextensions.googleapis.com x-goog-quota-user=projects/spider-116a2
[debug] [2024-11-25T11:49:03.316Z] <<< [apiv2][status] GET https://serviceusage.googleapis.com/v1/projects/spider-116a2/services/firebaseextensions.googleapis.com 200
[debug] [2024-11-25T11:49:03.316Z] <<< [apiv2][body] GET https://serviceusage.googleapis.com/v1/projects/spider-116a2/services/firebaseextensions.googleapis.com [omitted]
[warn] !  extensions: missing required API firebaseextensions.googleapis.com. Enabling now... 
[debug] [2024-11-25T11:49:03.318Z] Checked if tokens are valid: true, expires at: 1732538308541
[debug] [2024-11-25T11:49:03.318Z] Checked if tokens are valid: true, expires at: 1732538308541
[debug] [2024-11-25T11:49:03.319Z] >>> [apiv2][query] POST https://serviceusage.googleapis.com/v1/projects/spider-116a2/services/firebaseextensions.googleapis.com:enable [none]
[debug] [2024-11-25T11:49:03.319Z] >>> [apiv2][(partial)header] POST https://serviceusage.googleapis.com/v1/projects/spider-116a2/services/firebaseextensions.googleapis.com:enable x-goog-quota-user=projects/spider-116a2
[debug] [2024-11-25T11:49:03.894Z] <<< [apiv2][status] POST https://serviceusage.googleapis.com/v1/projects/spider-116a2/services/firebaseextensions.googleapis.com:enable 200
[debug] [2024-11-25T11:49:03.894Z] <<< [apiv2][body] POST https://serviceusage.googleapis.com/v1/projects/spider-116a2/services/firebaseextensions.googleapis.com:enable [omitted]
[debug] [2024-11-25T11:49:13.907Z] Checked if tokens are valid: true, expires at: 1732538308541
[debug] [2024-11-25T11:49:13.908Z] Checked if tokens are valid: true, expires at: 1732538308541
[debug] [2024-11-25T11:49:13.909Z] >>> [apiv2][query] GET https://serviceusage.googleapis.com/v1/projects/spider-116a2/services/firebaseextensions.googleapis.com [none]
[debug] [2024-11-25T11:49:13.909Z] >>> [apiv2][(partial)header] GET https://serviceusage.googleapis.com/v1/projects/spider-116a2/services/firebaseextensions.googleapis.com x-goog-quota-user=projects/spider-116a2
[debug] [2024-11-25T11:49:14.808Z] <<< [apiv2][status] GET https://serviceusage.googleapis.com/v1/projects/spider-116a2/services/firebaseextensions.googleapis.com 200
[debug] [2024-11-25T11:49:14.808Z] <<< [apiv2][body] GET https://serviceusage.googleapis.com/v1/projects/spider-116a2/services/firebaseextensions.googleapis.com [omitted]
[info] +  extensions: required API firebaseextensions.googleapis.com is enabled 
[debug] [2024-11-25T11:49:14.810Z] > command requires scopes: ["email","openid","https://www.googleapis.com/auth/cloudplatformprojects.readonly","https://www.googleapis.com/auth/firebase","https://www.googleapis.com/auth/cloud-platform"]
[debug] [2024-11-25T11:49:14.811Z] > authorizing via signed-in user (jagerattila@gmail.com)
[debug] [2024-11-25T11:49:14.811Z] [iam] checking project spider-116a2 for permissions ["firebase.projects.get","firebaseextensions.instances.list"]
[debug] [2024-11-25T11:49:14.811Z] Checked if tokens are valid: true, expires at: 1732538308541
[debug] [2024-11-25T11:49:14.811Z] Checked if tokens are valid: true, expires at: 1732538308541
[debug] [2024-11-25T11:49:14.811Z] >>> [apiv2][query] POST https://cloudresourcemanager.googleapis.com/v1/projects/spider-116a2:testIamPermissions [none]
[debug] [2024-11-25T11:49:14.811Z] >>> [apiv2][(partial)header] POST https://cloudresourcemanager.googleapis.com/v1/projects/spider-116a2:testIamPermissions x-goog-quota-user=projects/spider-116a2
[debug] [2024-11-25T11:49:14.811Z] >>> [apiv2][body] POST https://cloudresourcemanager.googleapis.com/v1/projects/spider-116a2:testIamPermissions {"permissions":["firebase.projects.get","firebaseextensions.instances.list"]}
[debug] [2024-11-25T11:49:15.535Z] <<< [apiv2][status] POST https://cloudresourcemanager.googleapis.com/v1/projects/spider-116a2:testIamPermissions 200
[debug] [2024-11-25T11:49:15.535Z] <<< [apiv2][body] POST https://cloudresourcemanager.googleapis.com/v1/projects/spider-116a2:testIamPermissions {"permissions":["firebase.projects.get","firebaseextensions.instances.list"]}
[debug] [2024-11-25T11:49:15.536Z] Checked if tokens are valid: true, expires at: 1732538308541
[debug] [2024-11-25T11:49:15.536Z] Checked if tokens are valid: true, expires at: 1732538308541
[debug] [2024-11-25T11:49:15.536Z] >>> [apiv2][query] GET https://firebaseextensions.googleapis.com/v1beta/projects/spider-116a2/instances pageSize=100&pageToken=
[debug] [2024-11-25T11:49:17.862Z] <<< [apiv2][status] GET https://firebaseextensions.googleapis.com/v1beta/projects/spider-116a2/instances 200
[debug] [2024-11-25T11:49:17.862Z] <<< [apiv2][body] GET https://firebaseextensions.googleapis.com/v1beta/projects/spider-116a2/instances {}
[info] i  functions: preparing functions directory for uploading... 
[info] i  functions: packaged C:\Users\Tanar\Desktop\2024.11.25\Spider\functions (63.45 KB) for uploading 
[debug] [2024-11-25T11:49:17.901Z] Checked if tokens are valid: true, expires at: 1732538308541
[debug] [2024-11-25T11:49:17.901Z] Checked if tokens are valid: true, expires at: 1732538308541
[debug] [2024-11-25T11:49:17.901Z] >>> [apiv2][query] GET https://cloudfunctions.googleapis.com/v1/projects/spider-116a2/locations/-/functions [none]
[debug] [2024-11-25T11:49:18.774Z] <<< [apiv2][status] GET https://cloudfunctions.googleapis.com/v1/projects/spider-116a2/locations/-/functions 200
[debug] [2024-11-25T11:49:18.775Z] <<< [apiv2][body] GET https://cloudfunctions.googleapis.com/v1/projects/spider-116a2/locations/-/functions {}
[debug] [2024-11-25T11:49:18.776Z] Checked if tokens are valid: true, expires at: 1732538308541
[debug] [2024-11-25T11:49:18.776Z] Checked if tokens are valid: true, expires at: 1732538308541
[debug] [2024-11-25T11:49:18.777Z] >>> [apiv2][query] GET https://cloudfunctions.googleapis.com/v2/projects/spider-116a2/locations/-/functions filter=environment%3D%22GEN_2%22
[debug] [2024-11-25T11:49:19.745Z] <<< [apiv2][status] GET https://cloudfunctions.googleapis.com/v2/projects/spider-116a2/locations/-/functions 200
[debug] [2024-11-25T11:49:19.745Z] <<< [apiv2][body] GET https://cloudfunctions.googleapis.com/v2/projects/spider-116a2/locations/-/functions {}
[info] i  functions: ensuring required API run.googleapis.com is enabled... 
[debug] [2024-11-25T11:49:19.747Z] Checked if tokens are valid: true, expires at: 1732538308541
[debug] [2024-11-25T11:49:19.747Z] Checked if tokens are valid: true, expires at: 1732538308541
[info] i  functions: ensuring required API eventarc.googleapis.com is enabled... 
[debug] [2024-11-25T11:49:19.748Z] Checked if tokens are valid: true, expires at: 1732538308541
[debug] [2024-11-25T11:49:19.748Z] Checked if tokens are valid: true, expires at: 1732538308541
[info] i  functions: ensuring required API pubsub.googleapis.com is enabled... 
[debug] [2024-11-25T11:49:19.752Z] Checked if tokens are valid: true, expires at: 1732538308541
[debug] [2024-11-25T11:49:19.752Z] Checked if tokens are valid: true, expires at: 1732538308541
[info] i  functions: ensuring required API storage.googleapis.com is enabled... 
[debug] [2024-11-25T11:49:19.752Z] Checked if tokens are valid: true, expires at: 1732538308541
[debug] [2024-11-25T11:49:19.752Z] Checked if tokens are valid: true, expires at: 1732538308541
[debug] [2024-11-25T11:49:19.753Z] >>> [apiv2][query] GET https://serviceusage.googleapis.com/v1/projects/spider-116a2/services/run.googleapis.com [none]
[debug] [2024-11-25T11:49:19.753Z] >>> [apiv2][(partial)header] GET https://serviceusage.googleapis.com/v1/projects/spider-116a2/services/run.googleapis.com x-goog-quota-user=projects/spider-116a2
[debug] [2024-11-25T11:49:19.753Z] >>> [apiv2][query] GET https://serviceusage.googleapis.com/v1/projects/spider-116a2/services/eventarc.googleapis.com [none]
[debug] [2024-11-25T11:49:19.753Z] >>> [apiv2][(partial)header] GET https://serviceusage.googleapis.com/v1/projects/spider-116a2/services/eventarc.googleapis.com x-goog-quota-user=projects/spider-116a2
[debug] [2024-11-25T11:49:19.755Z] >>> [apiv2][query] GET https://serviceusage.googleapis.com/v1/projects/spider-116a2/services/pubsub.googleapis.com [none]
[debug] [2024-11-25T11:49:19.755Z] >>> [apiv2][(partial)header] GET https://serviceusage.googleapis.com/v1/projects/spider-116a2/services/pubsub.googleapis.com x-goog-quota-user=projects/spider-116a2
[debug] [2024-11-25T11:49:19.757Z] >>> [apiv2][query] GET https://serviceusage.googleapis.com/v1/projects/spider-116a2/services/storage.googleapis.com [none]
[debug] [2024-11-25T11:49:19.757Z] >>> [apiv2][(partial)header] GET https://serviceusage.googleapis.com/v1/projects/spider-116a2/services/storage.googleapis.com x-goog-quota-user=projects/spider-116a2
[debug] [2024-11-25T11:49:20.665Z] <<< [apiv2][status] GET https://serviceusage.googleapis.com/v1/projects/spider-116a2/services/run.googleapis.com 200
[debug] [2024-11-25T11:49:20.665Z] <<< [apiv2][body] GET https://serviceusage.googleapis.com/v1/projects/spider-116a2/services/run.googleapis.com [omitted]
[warn] !  functions: missing required API run.googleapis.com. Enabling now... 
[debug] [2024-11-25T11:49:20.666Z] Checked if tokens are valid: true, expires at: 1732538308541
[debug] [2024-11-25T11:49:20.667Z] Checked if tokens are valid: true, expires at: 1732538308541
[debug] [2024-11-25T11:49:20.667Z] >>> [apiv2][query] POST https://serviceusage.googleapis.com/v1/projects/spider-116a2/services/run.googleapis.com:enable [none]
[debug] [2024-11-25T11:49:20.667Z] >>> [apiv2][(partial)header] POST https://serviceusage.googleapis.com/v1/projects/spider-116a2/services/run.googleapis.com:enable x-goog-quota-user=projects/spider-116a2
[debug] [2024-11-25T11:49:20.677Z] <<< [apiv2][status] GET https://serviceusage.googleapis.com/v1/projects/spider-116a2/services/eventarc.googleapis.com 200
[debug] [2024-11-25T11:49:20.677Z] <<< [apiv2][body] GET https://serviceusage.googleapis.com/v1/projects/spider-116a2/services/eventarc.googleapis.com [omitted]
[warn] !  functions: missing required API eventarc.googleapis.com. Enabling now... 
[debug] [2024-11-25T11:49:20.679Z] Checked if tokens are valid: true, expires at: 1732538308541
[debug] [2024-11-25T11:49:20.679Z] Checked if tokens are valid: true, expires at: 1732538308541
[debug] [2024-11-25T11:49:20.680Z] >>> [apiv2][query] POST https://serviceusage.googleapis.com/v1/projects/spider-116a2/services/eventarc.googleapis.com:enable [none]
[debug] [2024-11-25T11:49:20.680Z] >>> [apiv2][(partial)header] POST https://serviceusage.googleapis.com/v1/projects/spider-116a2/services/eventarc.googleapis.com:enable x-goog-quota-user=projects/spider-116a2
[debug] [2024-11-25T11:49:20.687Z] <<< [apiv2][status] GET https://serviceusage.googleapis.com/v1/projects/spider-116a2/services/pubsub.googleapis.com 200
[debug] [2024-11-25T11:49:20.687Z] <<< [apiv2][body] GET https://serviceusage.googleapis.com/v1/projects/spider-116a2/services/pubsub.googleapis.com [omitted]
[info] +  functions: required API pubsub.googleapis.com is enabled 
[debug] [2024-11-25T11:49:20.702Z] <<< [apiv2][status] GET https://serviceusage.googleapis.com/v1/projects/spider-116a2/services/storage.googleapis.com 200
[debug] [2024-11-25T11:49:20.702Z] <<< [apiv2][body] GET https://serviceusage.googleapis.com/v1/projects/spider-116a2/services/storage.googleapis.com [omitted]
[info] +  functions: required API storage.googleapis.com is enabled 
[debug] [2024-11-25T11:49:21.297Z] <<< [apiv2][status] POST https://serviceusage.googleapis.com/v1/projects/spider-116a2/services/run.googleapis.com:enable 200
[debug] [2024-11-25T11:49:21.297Z] <<< [apiv2][body] POST https://serviceusage.googleapis.com/v1/projects/spider-116a2/services/run.googleapis.com:enable [omitted]
[debug] [2024-11-25T11:49:21.448Z] <<< [apiv2][status] POST https://serviceusage.googleapis.com/v1/projects/spider-116a2/services/eventarc.googleapis.com:enable 200
[debug] [2024-11-25T11:49:21.448Z] <<< [apiv2][body] POST https://serviceusage.googleapis.com/v1/projects/spider-116a2/services/eventarc.googleapis.com:enable [omitted]
[debug] [2024-11-25T11:49:31.309Z] Checked if tokens are valid: true, expires at: 1732538308541
[debug] [2024-11-25T11:49:31.309Z] Checked if tokens are valid: true, expires at: 1732538308541
[debug] [2024-11-25T11:49:31.309Z] >>> [apiv2][query] GET https://serviceusage.googleapis.com/v1/projects/spider-116a2/services/run.googleapis.com [none]
[debug] [2024-11-25T11:49:31.310Z] >>> [apiv2][(partial)header] GET https://serviceusage.googleapis.com/v1/projects/spider-116a2/services/run.googleapis.com x-goog-quota-user=projects/spider-116a2
[debug] [2024-11-25T11:49:31.450Z] Checked if tokens are valid: true, expires at: 1732538308541
[debug] [2024-11-25T11:49:31.450Z] Checked if tokens are valid: true, expires at: 1732538308541
[debug] [2024-11-25T11:49:31.451Z] >>> [apiv2][query] GET https://serviceusage.googleapis.com/v1/projects/spider-116a2/services/eventarc.googleapis.com [none]
[debug] [2024-11-25T11:49:31.451Z] >>> [apiv2][(partial)header] GET https://serviceusage.googleapis.com/v1/projects/spider-116a2/services/eventarc.googleapis.com x-goog-quota-user=projects/spider-116a2
[debug] [2024-11-25T11:49:32.235Z] <<< [apiv2][status] GET https://serviceusage.googleapis.com/v1/projects/spider-116a2/services/run.googleapis.com 200
[debug] [2024-11-25T11:49:32.236Z] <<< [apiv2][body] GET https://serviceusage.googleapis.com/v1/projects/spider-116a2/services/run.googleapis.com [omitted]
[info] +  functions: required API run.googleapis.com is enabled 
[debug] [2024-11-25T11:49:32.355Z] <<< [apiv2][status] GET https://serviceusage.googleapis.com/v1/projects/spider-116a2/services/eventarc.googleapis.com 200
[debug] [2024-11-25T11:49:32.355Z] <<< [apiv2][body] GET https://serviceusage.googleapis.com/v1/projects/spider-116a2/services/eventarc.googleapis.com [omitted]
[info] +  functions: required API eventarc.googleapis.com is enabled 
[info] i  functions: generating the service identity for pubsub.googleapis.com... 
[debug] [2024-11-25T11:49:32.367Z] Checked if tokens are valid: true, expires at: 1732538308541
[debug] [2024-11-25T11:49:32.368Z] Checked if tokens are valid: true, expires at: 1732538308541
[info] i  functions: generating the service identity for eventarc.googleapis.com... 
[debug] [2024-11-25T11:49:32.368Z] Checked if tokens are valid: true, expires at: 1732538308541
[debug] [2024-11-25T11:49:32.368Z] Checked if tokens are valid: true, expires at: 1732538308541
[debug] [2024-11-25T11:49:32.369Z] >>> [apiv2][query] POST https://serviceusage.googleapis.com/v1beta1/projects/843244814928/services/pubsub.googleapis.com:generateServiceIdentity [none]
[debug] [2024-11-25T11:49:32.369Z] >>> [apiv2][query] POST https://serviceusage.googleapis.com/v1beta1/projects/843244814928/services/eventarc.googleapis.com:generateServiceIdentity [none]
[debug] [2024-11-25T11:49:33.333Z] <<< [apiv2][status] POST https://serviceusage.googleapis.com/v1beta1/projects/843244814928/services/pubsub.googleapis.com:generateServiceIdentity 200
[debug] [2024-11-25T11:49:33.334Z] <<< [apiv2][body] POST https://serviceusage.googleapis.com/v1beta1/projects/843244814928/services/pubsub.googleapis.com:generateServiceIdentity {"name":"operations/finished.DONE_OPERATION","done":true,"response":{"@type":"type.googleapis.com/google.api.serviceusage.v1beta1.ServiceIdentity","email":"service-843244814928@gcp-sa-pubsub.iam.gserviceaccount.com","uniqueId":"116411279197771588098"}}
[debug] [2024-11-25T11:49:33.697Z] <<< [apiv2][status] POST https://serviceusage.googleapis.com/v1beta1/projects/843244814928/services/eventarc.googleapis.com:generateServiceIdentity 200
[debug] [2024-11-25T11:49:33.698Z] <<< [apiv2][body] POST https://serviceusage.googleapis.com/v1beta1/projects/843244814928/services/eventarc.googleapis.com:generateServiceIdentity {"name":"operations/finished.DONE_OPERATION","done":true,"response":{"@type":"type.googleapis.com/google.api.serviceusage.v1beta1.ServiceIdentity","email":"service-843244814928@gcp-sa-eventarc.iam.gserviceaccount.com","uniqueId":"104442949457343618203"}}
[debug] [2024-11-25T11:49:33.705Z] Checked if tokens are valid: true, expires at: 1732538308541
[debug] [2024-11-25T11:49:33.705Z] Checked if tokens are valid: true, expires at: 1732538308541
[debug] [2024-11-25T11:49:33.706Z] >>> [apiv2][query] GET https://firebase.googleapis.com/v1beta1/projects/spider-116a2 [none]
[debug] [2024-11-25T11:49:34.024Z] <<< [apiv2][status] GET https://firebase.googleapis.com/v1beta1/projects/spider-116a2 200
[debug] [2024-11-25T11:49:34.024Z] <<< [apiv2][body] GET https://firebase.googleapis.com/v1beta1/projects/spider-116a2 {"projectId":"spider-116a2","projectNumber":"843244814928","displayName":"Spider","name":"projects/spider-116a2","resources":{"hostingSite":"spider-116a2","realtimeDatabaseInstance":"spider-116a2-default-rtdb"},"state":"ACTIVE","etag":"1_5e8c1f10-a38d-4f7a-b2ea-c5147416030e"}
[debug] [2024-11-25T11:49:34.028Z] Checked if tokens are valid: true, expires at: 1732538308541
[debug] [2024-11-25T11:49:34.028Z] Checked if tokens are valid: true, expires at: 1732538308541
[debug] [2024-11-25T11:49:34.028Z] >>> [apiv2][query] GET https://cloudbilling.googleapis.com/v1/projects/spider-116a2/billingInfo [none]
[debug] [2024-11-25T11:49:34.752Z] <<< [apiv2][status] GET https://cloudbilling.googleapis.com/v1/projects/spider-116a2/billingInfo 200
[debug] [2024-11-25T11:49:34.753Z] <<< [apiv2][body] GET https://cloudbilling.googleapis.com/v1/projects/spider-116a2/billingInfo {"name":"projects/spider-116a2/billingInfo","projectId":"spider-116a2","billingAccountName":"billingAccounts/01DA1D-EEDAC5-B219A8","billingEnabled":true}
[debug] [2024-11-25T11:49:34.756Z] [functions] found 1 new HTTP functions, testing setIamPolicy permission...
[debug] [2024-11-25T11:49:34.757Z] Checked if tokens are valid: true, expires at: 1732538308541
[debug] [2024-11-25T11:49:34.757Z] Checked if tokens are valid: true, expires at: 1732538308541
[debug] [2024-11-25T11:49:34.757Z] >>> [apiv2][query] POST https://cloudresourcemanager.googleapis.com/v1/projects/spider-116a2:testIamPermissions [none]
[debug] [2024-11-25T11:49:34.758Z] >>> [apiv2][(partial)header] POST https://cloudresourcemanager.googleapis.com/v1/projects/spider-116a2:testIamPermissions x-goog-quota-user=projects/spider-116a2
[debug] [2024-11-25T11:49:34.758Z] >>> [apiv2][body] POST https://cloudresourcemanager.googleapis.com/v1/projects/spider-116a2:testIamPermissions {"permissions":["cloudfunctions.functions.setIamPolicy"]}
[debug] [2024-11-25T11:49:35.492Z] <<< [apiv2][status] POST https://cloudresourcemanager.googleapis.com/v1/projects/spider-116a2:testIamPermissions 200
[debug] [2024-11-25T11:49:35.492Z] <<< [apiv2][body] POST https://cloudresourcemanager.googleapis.com/v1/projects/spider-116a2:testIamPermissions {"permissions":["cloudfunctions.functions.setIamPolicy"]}
[debug] [2024-11-25T11:49:35.492Z] [functions] found setIamPolicy permission, proceeding with deploy
[debug] [2024-11-25T11:49:35.492Z] Checked if tokens are valid: true, expires at: 1732538308541
[debug] [2024-11-25T11:49:35.492Z] Checked if tokens are valid: true, expires at: 1732538308541
[debug] [2024-11-25T11:49:35.492Z] >>> [apiv2][query] POST https://cloudfunctions.googleapis.com/v2/projects/spider-116a2/locations/us-central1/functions:generateUploadUrl [none]
[debug] [2024-11-25T11:49:37.149Z] <<< [apiv2][status] POST https://cloudfunctions.googleapis.com/v2/projects/spider-116a2/locations/us-central1/functions:generateUploadUrl 200
[debug] [2024-11-25T11:49:37.149Z] <<< [apiv2][body] POST https://cloudfunctions.googleapis.com/v2/projects/spider-116a2/locations/us-central1/functions:generateUploadUrl {"uploadUrl":"https://storage.googleapis.com/gcf-v2-uploads-843244814928.us-central1.cloudfunctions.appspot.com/0a1a12dd-cc40-4934-8efc-f3768f1b78ac.zip?GoogleAccessId=service-843244814928@gcf-admin-robot.iam.gserviceaccount.com&Expires=1732537176&Signature=I7QoOr%2Bwu8AypibBsuP0fQAmC67MuGAzs9a%2BPnq2jhDVvz0PVl3Y1l32omXqhU0%2BewAQ6XOOass1A9IhsaAZaKSk3MmJe%2FA%2BzOBtqPHxILlfS0gaIJZzkkRHuhyvoJVXIvkqkL7gtkBgLVtXLAHAw7uXFiPqXpMXRZi74Yi0L2LPymR4Zu6rseHf3f%2FUlOc%2B33WESNoKEkGUKZkxvx7ggVYZuvG1vRdYBfDQK4sJ1TDriI4p2RH1lqS6jkvq2FO3SpAZTFLLi5%2B8p9JSKDGTpIK3ofEcLjl3cQ8OBQ4NeUQyGUJmUD9oLZF1kG1c0et7Pqza%2BqUZnXeEqgyH6KyQ%2FA%3D%3D","storageSource":{"bucket":"gcf-v2-uploads-843244814928.us-central1.cloudfunctions.appspot.com","object":"0a1a12dd-cc40-4934-8efc-f3768f1b78ac.zip"}}
[debug] [2024-11-25T11:49:37.150Z] >>> [apiv2][query] PUT https://storage.googleapis.com/gcf-v2-uploads-843244814928.us-central1.cloudfunctions.appspot.com/0a1a12dd-cc40-4934-8efc-f3768f1b78ac.zip GoogleAccessId=service-843244814928%40gcf-admin-robot.iam.gserviceaccount.com&Expires=1732537176&Signature=I7QoOr%2Bwu8AypibBsuP0fQAmC67MuGAzs9a%2BPnq2jhDVvz0PVl3Y1l32omXqhU0%2BewAQ6XOOass1A9IhsaAZaKSk3MmJe%2FA%2BzOBtqPHxILlfS0gaIJZzkkRHuhyvoJVXIvkqkL7gtkBgLVtXLAHAw7uXFiPqXpMXRZi74Yi0L2LPymR4Zu6rseHf3f%2FUlOc%2B33WESNoKEkGUKZkxvx7ggVYZuvG1vRdYBfDQK4sJ1TDriI4p2RH1lqS6jkvq2FO3SpAZTFLLi5%2B8p9JSKDGTpIK3ofEcLjl3cQ8OBQ4NeUQyGUJmUD9oLZF1kG1c0et7Pqza%2BqUZnXeEqgyH6KyQ%2FA%3D%3D
[debug] [2024-11-25T11:49:37.150Z] >>> [apiv2][body] PUT https://storage.googleapis.com/gcf-v2-uploads-843244814928.us-central1.cloudfunctions.appspot.com/0a1a12dd-cc40-4934-8efc-f3768f1b78ac.zip [stream]
[debug] [2024-11-25T11:49:37.718Z] <<< [apiv2][status] PUT https://storage.googleapis.com/gcf-v2-uploads-843244814928.us-central1.cloudfunctions.appspot.com/0a1a12dd-cc40-4934-8efc-f3768f1b78ac.zip 200
[debug] [2024-11-25T11:49:37.718Z] <<< [apiv2][body] PUT https://storage.googleapis.com/gcf-v2-uploads-843244814928.us-central1.cloudfunctions.appspot.com/0a1a12dd-cc40-4934-8efc-f3768f1b78ac.zip [omitted]
[info] +  functions: functions folder uploaded successfully 
[info] i  functions: creating Node.js 20 (2nd Gen) function api(us-central1)... 
[debug] [2024-11-25T11:49:37.722Z] Checked if tokens are valid: true, expires at: 1732538308541
[debug] [2024-11-25T11:49:37.722Z] Checked if tokens are valid: true, expires at: 1732538308541
[debug] [2024-11-25T11:49:37.722Z] >>> [apiv2][query] POST https://cloudfunctions.googleapis.com/v2/projects/spider-116a2/locations/us-central1/functions functionId=api
[debug] [2024-11-25T11:49:37.722Z] >>> [apiv2][body] POST https://cloudfunctions.googleapis.com/v2/projects/spider-116a2/locations/us-central1/functions {"name":"projects/spider-116a2/locations/us-central1/functions/api","buildConfig":{"runtime":"nodejs20","entryPoint":"api","source":{"storageSource":{"bucket":"gcf-v2-uploads-843244814928.us-central1.cloudfunctions.appspot.com","object":"0a1a12dd-cc40-4934-8efc-f3768f1b78ac.zip"}},"environmentVariables":{"GOOGLE_NODE_RUN_SCRIPTS":""}},"serviceConfig":{"environmentVariables":{"FIREBASE_CONFIG":"{\"projectId\":\"spider-116a2\",\"databaseURL\":\"https://spider-116a2-default-rtdb.europe-west1.firebasedatabase.app\",\"storageBucket\":\"spider-116a2.firebasestorage.app\"}","GCLOUD_PROJECT":"spider-116a2","EVENTARC_CLOUD_EVENT_SOURCE":"projects/spider-116a2/locations/us-central1/services/api","FUNCTION_TARGET":"api"},"ingressSettings":null,"timeoutSeconds":null,"serviceAccountEmail":null,"availableMemory":"256Mi","minInstanceCount":null,"maxInstanceCount":null,"maxInstanceRequestConcurrency":80,"availableCpu":"1","vpcConnector":null,"vpcConnectorEgressSettings":null},"labels":{"deployment-tool":"cli-firebase","firebase-functions-hash":"4b418fbd2510c2ff916efafc20ad0e255297e829"}}
[debug] [2024-11-25T11:49:39.675Z] <<< [apiv2][status] POST https://cloudfunctions.googleapis.com/v2/projects/spider-116a2/locations/us-central1/functions 200
[debug] [2024-11-25T11:49:39.675Z] <<< [apiv2][body] POST https://cloudfunctions.googleapis.com/v2/projects/spider-116a2/locations/us-central1/functions {"name":"projects/spider-116a2/locations/us-central1/operations/operation-1732535378359-627bb53c9b400-1f095eee-47f5e339","metadata":{"@type":"type.googleapis.com/google.cloud.functions.v2.OperationMetadata","createTime":"2024-11-25T11:49:39.520189857Z","target":"projects/spider-116a2/locations/us-central1/functions/api","verb":"create","cancelRequested":false,"apiVersion":"v2"},"done":false}
[debug] [2024-11-25T11:49:39.676Z] Checked if tokens are valid: true, expires at: 1732538308541
[debug] [2024-11-25T11:49:39.676Z] Checked if tokens are valid: true, expires at: 1732538308541
[debug] [2024-11-25T11:49:39.676Z] >>> [apiv2][query] GET https://cloudfunctions.googleapis.com/v2/projects/spider-116a2/locations/us-central1/operations/operation-1732535378359-627bb53c9b400-1f095eee-47f5e339 [none]
[debug] [2024-11-25T11:49:40.437Z] <<< [apiv2][status] GET https://cloudfunctions.googleapis.com/v2/projects/spider-116a2/locations/us-central1/operations/operation-1732535378359-627bb53c9b400-1f095eee-47f5e339 200
[debug] [2024-11-25T11:49:40.437Z] <<< [apiv2][body] GET https://cloudfunctions.googleapis.com/v2/projects/spider-116a2/locations/us-central1/operations/operation-1732535378359-627bb53c9b400-1f095eee-47f5e339 {"name":"projects/spider-116a2/locations/us-central1/operations/operation-1732535378359-627bb53c9b400-1f095eee-47f5e339","metadata":{"@type":"type.googleapis.com/google.cloud.functions.v2.OperationMetadata","createTime":"2024-11-25T11:49:39.520189857Z","target":"projects/spider-116a2/locations/us-central1/functions/api","verb":"create","cancelRequested":false,"apiVersion":"v2","requestResource":{"@type":"type.googleapis.com/google.cloud.functions.v2.Function","name":"projects/spider-116a2/locations/us-central1/functions/api","buildConfig":{"runtime":"nodejs20","entryPoint":"api","source":{"storageSource":{"bucket":"gcf-v2-sources-843244814928-us-central1","object":"api/function-source.zip","generation":"1732535379201815"}},"environmentVariables":{"GOOGLE_NODE_RUN_SCRIPTS":""},"serviceAccount":"projects/spider-116a2/serviceAccounts/843244814928-compute@developer.gserviceaccount.com","automaticUpdatePolicy":{}},"serviceConfig":{"service":"projects/spider-116a2/locations/us-central1/services/api","timeoutSeconds":60,"environmentVariables":{"FIREBASE_CONFIG":"{\"projectId\":\"spider-116a2\",\"databaseURL\":\"https://spider-116a2-default-rtdb.europe-west1.firebasedatabase.app\",\"storageBucket\":\"spider-116a2.firebasestorage.app\"}","GCLOUD_PROJECT":"spider-116a2","EVENTARC_CLOUD_EVENT_SOURCE":"projects/spider-116a2/locations/us-central1/services/api","FUNCTION_TARGET":"api","LOG_EXECUTION_ID":"true"},"ingressSettings":"ALLOW_ALL","serviceAccountEmail":"843244814928-compute@developer.gserviceaccount.com","availableMemory":"256Mi","maxInstanceRequestConcurrency":80,"availableCpu":"1"},"labels":{"deployment-tool":"cli-firebase","firebase-functions-hash":"4b418fbd2510c2ff916efafc20ad0e255297e829"},"environment":"GEN_2"},"stages":[{"name":"BUILD","state":"NOT_STARTED"},{"name":"SERVICE","state":"NOT_STARTED"}],"operationType":"CREATE_FUNCTION"},"done":false}
[debug] [2024-11-25T11:49:40.950Z] [create-default-us-central1-api] Retrying task index 0
[debug] [2024-11-25T11:49:40.951Z] Checked if tokens are valid: true, expires at: 1732538308541
[debug] [2024-11-25T11:49:40.951Z] Checked if tokens are valid: true, expires at: 1732538308541
[debug] [2024-11-25T11:49:40.951Z] >>> [apiv2][query] GET https://cloudfunctions.googleapis.com/v2/projects/spider-116a2/locations/us-central1/operations/operation-1732535378359-627bb53c9b400-1f095eee-47f5e339 [none]
[debug] [2024-11-25T11:49:41.717Z] <<< [apiv2][status] GET https://cloudfunctions.googleapis.com/v2/projects/spider-116a2/locations/us-central1/operations/operation-1732535378359-627bb53c9b400-1f095eee-47f5e339 200
[debug] [2024-11-25T11:49:41.717Z] <<< [apiv2][body] GET https://cloudfunctions.googleapis.com/v2/projects/spider-116a2/locations/us-central1/operations/operation-1732535378359-627bb53c9b400-1f095eee-47f5e339 {"name":"projects/spider-116a2/locations/us-central1/operations/operation-1732535378359-627bb53c9b400-1f095eee-47f5e339","metadata":{"@type":"type.googleapis.com/google.cloud.functions.v2.OperationMetadata","createTime":"2024-11-25T11:49:39.520189857Z","target":"projects/spider-116a2/locations/us-central1/functions/api","verb":"create","cancelRequested":false,"apiVersion":"v2","requestResource":{"@type":"type.googleapis.com/google.cloud.functions.v2.Function","name":"projects/spider-116a2/locations/us-central1/functions/api","buildConfig":{"runtime":"nodejs20","entryPoint":"api","source":{"storageSource":{"bucket":"gcf-v2-sources-843244814928-us-central1","object":"api/function-source.zip","generation":"1732535379201815"}},"environmentVariables":{"GOOGLE_NODE_RUN_SCRIPTS":""},"serviceAccount":"projects/spider-116a2/serviceAccounts/843244814928-compute@developer.gserviceaccount.com","automaticUpdatePolicy":{}},"serviceConfig":{"service":"projects/spider-116a2/locations/us-central1/services/api","timeoutSeconds":60,"environmentVariables":{"FIREBASE_CONFIG":"{\"projectId\":\"spider-116a2\",\"databaseURL\":\"https://spider-116a2-default-rtdb.europe-west1.firebasedatabase.app\",\"storageBucket\":\"spider-116a2.firebasestorage.app\"}","GCLOUD_PROJECT":"spider-116a2","EVENTARC_CLOUD_EVENT_SOURCE":"projects/spider-116a2/locations/us-central1/services/api","FUNCTION_TARGET":"api","LOG_EXECUTION_ID":"true"},"ingressSettings":"ALLOW_ALL","serviceAccountEmail":"843244814928-compute@developer.gserviceaccount.com","availableMemory":"256Mi","maxInstanceRequestConcurrency":80,"availableCpu":"1"},"labels":{"deployment-tool":"cli-firebase","firebase-functions-hash":"4b418fbd2510c2ff916efafc20ad0e255297e829"},"environment":"GEN_2"},"stages":[{"name":"BUILD","state":"NOT_STARTED"},{"name":"SERVICE","state":"NOT_STARTED"}],"operationType":"CREATE_FUNCTION"},"done":false}
[debug] [2024-11-25T11:49:42.728Z] [create-default-us-central1-api] Retrying task index 0
[debug] [2024-11-25T11:49:42.729Z] Checked if tokens are valid: true, expires at: 1732538308541
[debug] [2024-11-25T11:49:42.729Z] Checked if tokens are valid: true, expires at: 1732538308541
[debug] [2024-11-25T11:49:42.729Z] >>> [apiv2][query] GET https://cloudfunctions.googleapis.com/v2/projects/spider-116a2/locations/us-central1/operations/operation-1732535378359-627bb53c9b400-1f095eee-47f5e339 [none]
[debug] [2024-11-25T11:49:43.487Z] <<< [apiv2][status] GET https://cloudfunctions.googleapis.com/v2/projects/spider-116a2/locations/us-central1/operations/operation-1732535378359-627bb53c9b400-1f095eee-47f5e339 200
[debug] [2024-11-25T11:49:43.487Z] <<< [apiv2][body] GET https://cloudfunctions.googleapis.com/v2/projects/spider-116a2/locations/us-central1/operations/operation-1732535378359-627bb53c9b400-1f095eee-47f5e339 {"name":"projects/spider-116a2/locations/us-central1/operations/operation-1732535378359-627bb53c9b400-1f095eee-47f5e339","metadata":{"@type":"type.googleapis.com/google.cloud.functions.v2.OperationMetadata","createTime":"2024-11-25T11:49:39.520189857Z","target":"projects/spider-116a2/locations/us-central1/functions/api","verb":"create","cancelRequested":false,"apiVersion":"v2","requestResource":{"@type":"type.googleapis.com/google.cloud.functions.v2.Function","name":"projects/spider-116a2/locations/us-central1/functions/api","buildConfig":{"runtime":"nodejs20","entryPoint":"api","source":{"storageSource":{"bucket":"gcf-v2-sources-843244814928-us-central1","object":"api/function-source.zip","generation":"1732535379201815"}},"environmentVariables":{"GOOGLE_NODE_RUN_SCRIPTS":""},"serviceAccount":"projects/spider-116a2/serviceAccounts/843244814928-compute@developer.gserviceaccount.com","automaticUpdatePolicy":{}},"serviceConfig":{"service":"projects/spider-116a2/locations/us-central1/services/api","timeoutSeconds":60,"environmentVariables":{"FIREBASE_CONFIG":"{\"projectId\":\"spider-116a2\",\"databaseURL\":\"https://spider-116a2-default-rtdb.europe-west1.firebasedatabase.app\",\"storageBucket\":\"spider-116a2.firebasestorage.app\"}","GCLOUD_PROJECT":"spider-116a2","EVENTARC_CLOUD_EVENT_SOURCE":"projects/spider-116a2/locations/us-central1/services/api","FUNCTION_TARGET":"api","LOG_EXECUTION_ID":"true"},"ingressSettings":"ALLOW_ALL","serviceAccountEmail":"843244814928-compute@developer.gserviceaccount.com","availableMemory":"256Mi","maxInstanceRequestConcurrency":80,"availableCpu":"1"},"labels":{"deployment-tool":"cli-firebase","firebase-functions-hash":"4b418fbd2510c2ff916efafc20ad0e255297e829"},"environment":"GEN_2"},"stages":[{"name":"BUILD","state":"NOT_STARTED"},{"name":"SERVICE","state":"NOT_STARTED"}],"operationType":"CREATE_FUNCTION"},"done":false}
[debug] [2024-11-25T11:49:45.493Z] [create-default-us-central1-api] Retrying task index 0
[debug] [2024-11-25T11:49:45.494Z] Checked if tokens are valid: true, expires at: 1732538308541
[debug] [2024-11-25T11:49:45.494Z] Checked if tokens are valid: true, expires at: 1732538308541
[debug] [2024-11-25T11:49:45.494Z] >>> [apiv2][query] GET https://cloudfunctions.googleapis.com/v2/projects/spider-116a2/locations/us-central1/operations/operation-1732535378359-627bb53c9b400-1f095eee-47f5e339 [none]
[debug] [2024-11-25T11:49:46.249Z] <<< [apiv2][status] GET https://cloudfunctions.googleapis.com/v2/projects/spider-116a2/locations/us-central1/operations/operation-1732535378359-627bb53c9b400-1f095eee-47f5e339 200
[debug] [2024-11-25T11:49:46.249Z] <<< [apiv2][body] GET https://cloudfunctions.googleapis.com/v2/projects/spider-116a2/locations/us-central1/operations/operation-1732535378359-627bb53c9b400-1f095eee-47f5e339 {"name":"projects/spider-116a2/locations/us-central1/operations/operation-1732535378359-627bb53c9b400-1f095eee-47f5e339","metadata":{"@type":"type.googleapis.com/google.cloud.functions.v2.OperationMetadata","createTime":"2024-11-25T11:49:39.520189857Z","target":"projects/spider-116a2/locations/us-central1/functions/api","verb":"create","cancelRequested":false,"apiVersion":"v2","requestResource":{"@type":"type.googleapis.com/google.cloud.functions.v2.Function","name":"projects/spider-116a2/locations/us-central1/functions/api","buildConfig":{"runtime":"nodejs20","entryPoint":"api","source":{"storageSource":{"bucket":"gcf-v2-sources-843244814928-us-central1","object":"api/function-source.zip","generation":"1732535379201815"}},"environmentVariables":{"GOOGLE_NODE_RUN_SCRIPTS":""},"serviceAccount":"projects/spider-116a2/serviceAccounts/843244814928-compute@developer.gserviceaccount.com","automaticUpdatePolicy":{}},"serviceConfig":{"service":"projects/spider-116a2/locations/us-central1/services/api","timeoutSeconds":60,"environmentVariables":{"FIREBASE_CONFIG":"{\"projectId\":\"spider-116a2\",\"databaseURL\":\"https://spider-116a2-default-rtdb.europe-west1.firebasedatabase.app\",\"storageBucket\":\"spider-116a2.firebasestorage.app\"}","GCLOUD_PROJECT":"spider-116a2","EVENTARC_CLOUD_EVENT_SOURCE":"projects/spider-116a2/locations/us-central1/services/api","FUNCTION_TARGET":"api","LOG_EXECUTION_ID":"true"},"ingressSettings":"ALLOW_ALL","serviceAccountEmail":"843244814928-compute@developer.gserviceaccount.com","availableMemory":"256Mi","maxInstanceRequestConcurrency":80,"availableCpu":"1"},"labels":{"deployment-tool":"cli-firebase","firebase-functions-hash":"4b418fbd2510c2ff916efafc20ad0e255297e829"},"environment":"GEN_2"},"stages":[{"name":"BUILD","state":"NOT_STARTED"},{"name":"SERVICE","state":"NOT_STARTED"}],"operationType":"CREATE_FUNCTION"},"done":false}
[debug] [2024-11-25T11:49:50.261Z] [create-default-us-central1-api] Retrying task index 0
[debug] [2024-11-25T11:49:50.262Z] Checked if tokens are valid: true, expires at: 1732538308541
[debug] [2024-11-25T11:49:50.262Z] Checked if tokens are valid: true, expires at: 1732538308541
[debug] [2024-11-25T11:49:50.263Z] >>> [apiv2][query] GET https://cloudfunctions.googleapis.com/v2/projects/spider-116a2/locations/us-central1/operations/operation-1732535378359-627bb53c9b400-1f095eee-47f5e339 [none]
[debug] [2024-11-25T11:49:51.023Z] <<< [apiv2][status] GET https://cloudfunctions.googleapis.com/v2/projects/spider-116a2/locations/us-central1/operations/operation-1732535378359-627bb53c9b400-1f095eee-47f5e339 200
[debug] [2024-11-25T11:49:51.023Z] <<< [apiv2][body] GET https://cloudfunctions.googleapis.com/v2/projects/spider-116a2/locations/us-central1/operations/operation-1732535378359-627bb53c9b400-1f095eee-47f5e339 {"name":"projects/spider-116a2/locations/us-central1/operations/operation-1732535378359-627bb53c9b400-1f095eee-47f5e339","metadata":{"@type":"type.googleapis.com/google.cloud.functions.v2.OperationMetadata","createTime":"2024-11-25T11:49:39.520189857Z","target":"projects/spider-116a2/locations/us-central1/functions/api","verb":"create","cancelRequested":false,"apiVersion":"v2","requestResource":{"@type":"type.googleapis.com/google.cloud.functions.v2.Function","name":"projects/spider-116a2/locations/us-central1/functions/api","buildConfig":{"runtime":"nodejs20","entryPoint":"api","source":{"storageSource":{"bucket":"gcf-v2-sources-843244814928-us-central1","object":"api/function-source.zip","generation":"1732535379201815"}},"environmentVariables":{"GOOGLE_NODE_RUN_SCRIPTS":""},"serviceAccount":"projects/spider-116a2/serviceAccounts/843244814928-compute@developer.gserviceaccount.com","automaticUpdatePolicy":{}},"serviceConfig":{"service":"projects/spider-116a2/locations/us-central1/services/api","timeoutSeconds":60,"environmentVariables":{"FIREBASE_CONFIG":"{\"projectId\":\"spider-116a2\",\"databaseURL\":\"https://spider-116a2-default-rtdb.europe-west1.firebasedatabase.app\",\"storageBucket\":\"spider-116a2.firebasestorage.app\"}","GCLOUD_PROJECT":"spider-116a2","EVENTARC_CLOUD_EVENT_SOURCE":"projects/spider-116a2/locations/us-central1/services/api","FUNCTION_TARGET":"api","LOG_EXECUTION_ID":"true"},"ingressSettings":"ALLOW_ALL","serviceAccountEmail":"843244814928-compute@developer.gserviceaccount.com","availableMemory":"256Mi","maxInstanceRequestConcurrency":80,"availableCpu":"1"},"labels":{"deployment-tool":"cli-firebase","firebase-functions-hash":"4b418fbd2510c2ff916efafc20ad0e255297e829"},"environment":"GEN_2"},"stages":[{"name":"BUILD","state":"NOT_STARTED"},{"name":"SERVICE","state":"NOT_STARTED"}],"operationType":"CREATE_FUNCTION"},"done":false}
[debug] [2024-11-25T11:49:59.024Z] [create-default-us-central1-api] Retrying task index 0
[debug] [2024-11-25T11:49:59.025Z] Checked if tokens are valid: true, expires at: 1732538308541
[debug] [2024-11-25T11:49:59.025Z] Checked if tokens are valid: true, expires at: 1732538308541
[debug] [2024-11-25T11:49:59.025Z] >>> [apiv2][query] GET https://cloudfunctions.googleapis.com/v2/projects/spider-116a2/locations/us-central1/operations/operation-1732535378359-627bb53c9b400-1f095eee-47f5e339 [none]
[debug] [2024-11-25T11:49:59.215Z] <<< [apiv2][status] GET https://cloudfunctions.googleapis.com/v2/projects/spider-116a2/locations/us-central1/operations/operation-1732535378359-627bb53c9b400-1f095eee-47f5e339 200
[debug] [2024-11-25T11:49:59.216Z] <<< [apiv2][body] GET https://cloudfunctions.googleapis.com/v2/projects/spider-116a2/locations/us-central1/operations/operation-1732535378359-627bb53c9b400-1f095eee-47f5e339 {"name":"projects/spider-116a2/locations/us-central1/operations/operation-1732535378359-627bb53c9b400-1f095eee-47f5e339","metadata":{"@type":"type.googleapis.com/google.cloud.functions.v2.OperationMetadata","createTime":"2024-11-25T11:49:39.520189857Z","target":"projects/spider-116a2/locations/us-central1/functions/api","verb":"create","cancelRequested":false,"apiVersion":"v2","requestResource":{"@type":"type.googleapis.com/google.cloud.functions.v2.Function","name":"projects/spider-116a2/locations/us-central1/functions/api","buildConfig":{"runtime":"nodejs20","entryPoint":"api","source":{"storageSource":{"bucket":"gcf-v2-sources-843244814928-us-central1","object":"api/function-source.zip","generation":"1732535379201815"}},"environmentVariables":{"GOOGLE_NODE_RUN_SCRIPTS":""},"serviceAccount":"projects/spider-116a2/serviceAccounts/843244814928-compute@developer.gserviceaccount.com","automaticUpdatePolicy":{}},"serviceConfig":{"service":"projects/spider-116a2/locations/us-central1/services/api","timeoutSeconds":60,"environmentVariables":{"FIREBASE_CONFIG":"{\"projectId\":\"spider-116a2\",\"databaseURL\":\"https://spider-116a2-default-rtdb.europe-west1.firebasedatabase.app\",\"storageBucket\":\"spider-116a2.firebasestorage.app\"}","GCLOUD_PROJECT":"spider-116a2","EVENTARC_CLOUD_EVENT_SOURCE":"projects/spider-116a2/locations/us-central1/services/api","FUNCTION_TARGET":"api","LOG_EXECUTION_ID":"true"},"ingressSettings":"ALLOW_ALL","serviceAccountEmail":"843244814928-compute@developer.gserviceaccount.com","availableMemory":"256Mi","maxInstanceRequestConcurrency":80,"availableCpu":"1"},"labels":{"deployment-tool":"cli-firebase","firebase-functions-hash":"4b418fbd2510c2ff916efafc20ad0e255297e829"},"environment":"GEN_2"},"stages":[{"name":"BUILD","message":"Build in progress","state":"IN_PROGRESS","resource":"projects/843244814928/locations/us-central1/builds/98f9e8a8-047a-468d-b356-15dfc9313515","resourceUri":"https://console.cloud.google.com/cloud-build/builds;region=us-central1/98f9e8a8-047a-468d-b356-15dfc9313515?project=843244814928"},{"name":"SERVICE","state":"NOT_STARTED"}],"operationType":"CREATE_FUNCTION","buildName":"projects/843244814928/locations/us-central1/builds/98f9e8a8-047a-468d-b356-15dfc9313515"},"done":false}
[debug] [2024-11-25T11:50:09.232Z] [create-default-us-central1-api] Retrying task index 0
[debug] [2024-11-25T11:50:09.233Z] Checked if tokens are valid: true, expires at: 1732538308541
[debug] [2024-11-25T11:50:09.233Z] Checked if tokens are valid: true, expires at: 1732538308541
[debug] [2024-11-25T11:50:09.233Z] >>> [apiv2][query] GET https://cloudfunctions.googleapis.com/v2/projects/spider-116a2/locations/us-central1/operations/operation-1732535378359-627bb53c9b400-1f095eee-47f5e339 [none]
[debug] [2024-11-25T11:50:10.006Z] <<< [apiv2][status] GET https://cloudfunctions.googleapis.com/v2/projects/spider-116a2/locations/us-central1/operations/operation-1732535378359-627bb53c9b400-1f095eee-47f5e339 200
[debug] [2024-11-25T11:50:10.006Z] <<< [apiv2][body] GET https://cloudfunctions.googleapis.com/v2/projects/spider-116a2/locations/us-central1/operations/operation-1732535378359-627bb53c9b400-1f095eee-47f5e339 {"name":"projects/spider-116a2/locations/us-central1/operations/operation-1732535378359-627bb53c9b400-1f095eee-47f5e339","metadata":{"@type":"type.googleapis.com/google.cloud.functions.v2.OperationMetadata","createTime":"2024-11-25T11:49:39.520189857Z","endTime":"2024-11-25T11:50:00.522799928Z","target":"projects/spider-116a2/locations/us-central1/functions/api","verb":"create","cancelRequested":false,"apiVersion":"v2","requestResource":{"@type":"type.googleapis.com/google.cloud.functions.v2.Function","name":"projects/spider-116a2/locations/us-central1/functions/api","buildConfig":{"runtime":"nodejs20","entryPoint":"api","source":{"storageSource":{"bucket":"gcf-v2-sources-843244814928-us-central1","object":"api/function-source.zip","generation":"1732535379201815"}},"environmentVariables":{"GOOGLE_NODE_RUN_SCRIPTS":""},"serviceAccount":"projects/spider-116a2/serviceAccounts/843244814928-compute@developer.gserviceaccount.com","automaticUpdatePolicy":{}},"serviceConfig":{"service":"projects/spider-116a2/locations/us-central1/services/api","timeoutSeconds":60,"environmentVariables":{"FIREBASE_CONFIG":"{\"projectId\":\"spider-116a2\",\"databaseURL\":\"https://spider-116a2-default-rtdb.europe-west1.firebasedatabase.app\",\"storageBucket\":\"spider-116a2.firebasestorage.app\"}","GCLOUD_PROJECT":"spider-116a2","EVENTARC_CLOUD_EVENT_SOURCE":"projects/spider-116a2/locations/us-central1/services/api","FUNCTION_TARGET":"api","LOG_EXECUTION_ID":"true"},"ingressSettings":"ALLOW_ALL","serviceAccountEmail":"843244814928-compute@developer.gserviceaccount.com","availableMemory":"256Mi","maxInstanceRequestConcurrency":80,"availableCpu":"1"},"labels":{"deployment-tool":"cli-firebase","firebase-functions-hash":"4b418fbd2510c2ff916efafc20ad0e255297e829"},"environment":"GEN_2"},"stages":[{"name":"ARTIFACT_REGISTRY","message":"Deleting function artifacts in Artifact Registry","state":"COMPLETE"},{"name":"SERVICE","message":"Deleting Cloud Run service","state":"COMPLETE","resource":"projects/spider-116a2/locations/us-central1/services/api"}],"operationType":"CREATE_FUNCTION"},"done":true,"error":{"code":13,"message":"Build failed with status: INTERNAL_ERROR and message: An unexpected error occurred. Refer to build logs: https://console.cloud.google.com/cloud-build/builds;region=us-central1/98f9e8a8-047a-468d-b356-15dfc9313515?project=843244814928. For more details see the logs at https://console.cloud.google.com/cloud-build/builds;region=us-central1/98f9e8a8-047a-468d-b356-15dfc9313515?project=843244814928."}}
[debug] [2024-11-25T11:50:10.006Z] Got source token undefined for region us-central1
[error] Build failed with status: INTERNAL_ERROR and message: An unexpected error occurred. Refer to build logs: https://console.cloud.google.com/cloud-build/builds;region=us-central1/98f9e8a8-047a-468d-b356-15dfc9313515?project=843244814928. For more details see the logs at https://console.cloud.google.com/cloud-build/builds;region=us-central1/98f9e8a8-047a-468d-b356-15dfc9313515?project=843244814928.
[debug] [2024-11-25T12:12:23.348Z] Total Function Deployment time: 1365612
[debug] [2024-11-25T12:12:23.348Z] 1 Functions Deployed
[debug] [2024-11-25T12:12:23.348Z] 1 Functions Errored
[debug] [2024-11-25T12:12:23.348Z] 0 Function Deployments Aborted
[debug] [2024-11-25T12:12:23.348Z] Average Function Deployment time: 1365611
[info] 
[info] Functions deploy had errors with the following functions:
	api(us-central1)
[debug] [2024-11-25T12:12:23.401Z] Not printing URL for HTTPS function. Typically this means it didn't match a filter or we failed deployment
[info] i  functions: cleaning up build files... 
[debug] [2024-11-25T12:12:23.405Z] Checked if tokens are valid: true, expires at: 1732538308541
[debug] [2024-11-25T12:12:23.405Z] Checked if tokens are valid: true, expires at: 1732538308541
[debug] [2024-11-25T12:12:23.406Z] Checked if tokens are valid: true, expires at: 1732538308541
[debug] [2024-11-25T12:12:23.406Z] Checked if tokens are valid: true, expires at: 1732538308541
[debug] [2024-11-25T12:12:23.406Z] >>> [apiv2][query] DELETE https://artifactregistry.googleapis.com/v1beta2/projects/spider-116a2/locations/us-central1/repositories/gcf-artifacts/packages/api [none]
[debug] [2024-11-25T12:12:23.406Z] >>> [apiv2][query] GET https://us.gcr.io/v2/spider-116a2/gcf/us-central1/tags/list [none]
[debug] [2024-11-25T12:12:24.465Z] <<< [apiv2][status] DELETE https://artifactregistry.googleapis.com/v1beta2/projects/spider-116a2/locations/us-central1/repositories/gcf-artifacts/packages/api 404
[debug] [2024-11-25T12:12:24.465Z] <<< [apiv2][body] DELETE https://artifactregistry.googleapis.com/v1beta2/projects/spider-116a2/locations/us-central1/repositories/gcf-artifacts/packages/api {"error":{"code":404,"message":"Package \"projects/spider-116a2/locations/us-central1/repositories/gcf-artifacts/packages/api\" was not found.","status":"NOT_FOUND"}}
[debug] [2024-11-25T12:12:25.078Z] <<< [apiv2][status] GET https://us.gcr.io/v2/spider-116a2/gcf/us-central1/tags/list 404
[debug] [2024-11-25T12:12:25.079Z] <<< [apiv2][body] GET https://us.gcr.io/v2/spider-116a2/gcf/us-central1/tags/list {"errors":[{"code":"NAME_UNKNOWN","message":"Repository \"us.gcr.io\" not found"}]}
[debug] [2024-11-25T12:12:25.079Z] Failed docker command with error  Request to https://us.gcr.io/v2/spider-116a2/gcf/us-central1/tags/list had HTTP Error: 404, Not Found {"name":"FirebaseError","children":[],"context":{"body":{"errors":[{"code":"NAME_UNKNOWN","message":"Repository \"us.gcr.io\" not found"}],"error":{"message":"Not Found"}},"response":{"statusCode":404}},"exit":1,"message":"Request to https://us.gcr.io/v2/spider-116a2/gcf/us-central1/tags/list had HTTP Error: 404, Not Found","status":404}
[debug] [2024-11-25T12:12:25.094Z] Checked if tokens are valid: true, expires at: 1732538308541
[debug] [2024-11-25T12:12:25.094Z] Checked if tokens are valid: true, expires at: 1732538308541
[debug] [2024-11-25T12:12:25.094Z] >>> [apiv2][query] GET https://us.gcr.io/v2/spider-116a2/gcf/us-central1/tags/list [none]
[debug] [2024-11-25T12:12:25.318Z] <<< [apiv2][status] GET https://us.gcr.io/v2/spider-116a2/gcf/us-central1/tags/list 404
[debug] [2024-11-25T12:12:25.318Z] <<< [apiv2][body] GET https://us.gcr.io/v2/spider-116a2/gcf/us-central1/tags/list {"errors":[{"code":"NAME_UNKNOWN","message":"Repository \"us.gcr.io\" not found"}]}
[debug] [2024-11-25T12:12:25.318Z] Failed docker command with error  Request to https://us.gcr.io/v2/spider-116a2/gcf/us-central1/tags/list had HTTP Error: 404, Not Found {"name":"FirebaseError","children":[],"context":{"body":{"errors":[{"code":"NAME_UNKNOWN","message":"Repository \"us.gcr.io\" not found"}],"error":{"message":"Not Found"}},"response":{"statusCode":404}},"exit":1,"message":"Request to https://us.gcr.io/v2/spider-116a2/gcf/us-central1/tags/list had HTTP Error: 404, Not Found","status":404}
[debug] [2024-11-25T12:12:25.421Z] Checked if tokens are valid: true, expires at: 1732538308541
[debug] [2024-11-25T12:12:25.421Z] Checked if tokens are valid: true, expires at: 1732538308541
[debug] [2024-11-25T12:12:25.422Z] >>> [apiv2][query] GET https://us.gcr.io/v2/spider-116a2/gcf/us-central1/tags/list [none]
[debug] [2024-11-25T12:12:25.649Z] <<< [apiv2][status] GET https://us.gcr.io/v2/spider-116a2/gcf/us-central1/tags/list 404
[debug] [2024-11-25T12:12:25.649Z] <<< [apiv2][body] GET https://us.gcr.io/v2/spider-116a2/gcf/us-central1/tags/list {"errors":[{"code":"NAME_UNKNOWN","message":"Repository \"us.gcr.io\" not found"}]}
[debug] [2024-11-25T12:12:25.650Z] Failed docker command with error  Request to https://us.gcr.io/v2/spider-116a2/gcf/us-central1/tags/list had HTTP Error: 404, Not Found {"name":"FirebaseError","children":[],"context":{"body":{"errors":[{"code":"NAME_UNKNOWN","message":"Repository \"us.gcr.io\" not found"}],"error":{"message":"Not Found"}},"response":{"statusCode":404}},"exit":1,"message":"Request to https://us.gcr.io/v2/spider-116a2/gcf/us-central1/tags/list had HTTP Error: 404, Not Found","status":404}
[warn] !  functions: Unhandled error cleaning up build images. This could result in a small monthly bill if not corrected. You can attempt to delete these images by redeploying or you can delete them manually at https://console.cloud.google.com/gcr/images/spider-116a2/us/gcf 
[debug] [2024-11-25T12:12:25.651Z] Functions deploy failed.
[debug] [2024-11-25T12:12:25.651Z] {
  "endpoint": {
    "id": "api",
    "project": "spider-116a2",
    "region": "us-central1",
    "entryPoint": "api",
    "platform": "gcfv2",
    "runtime": "nodejs20",
    "httpsTrigger": {},
    "labels": {
      "deployment-tool": "cli-firebase"
    },
    "ingressSettings": null,
    "availableMemoryMb": null,
    "serviceAccount": null,
    "timeoutSeconds": null,
    "maxInstances": null,
    "minInstances": null,
    "concurrency": 80,
    "vpc": null,
    "environmentVariables": {
      "FIREBASE_CONFIG": "{\"projectId\":\"spider-116a2\",\"databaseURL\":\"https://spider-116a2-default-rtdb.europe-west1.firebasedatabase.app\",\"storageBucket\":\"spider-116a2.firebasestorage.app\"}",
      "GCLOUD_PROJECT": "spider-116a2",
      "EVENTARC_CLOUD_EVENT_SOURCE": "projects/spider-116a2/locations/us-central1/services/api"
    },
    "codebase": "default",
    "cpu": 1,
    "targetedByOnly": false,
    "hash": "4b418fbd2510c2ff916efafc20ad0e255297e829"
  },
  "op": "create",
  "original": {
    "name": "FirebaseError",
    "children": [],
    "exit": 1,
    "message": "Build failed with status: INTERNAL_ERROR and message: An unexpected error occurred. Refer to build logs: https://console.cloud.google.com/cloud-build/builds;region=us-central1/98f9e8a8-047a-468d-b356-15dfc9313515?project=843244814928. For more details see the logs at https://console.cloud.google.com/cloud-build/builds;region=us-central1/98f9e8a8-047a-468d-b356-15dfc9313515?project=843244814928.",
    "original": {
      "code": 13,
      "message": "Build failed with status: INTERNAL_ERROR and message: An unexpected error occurred. Refer to build logs: https://console.cloud.google.com/cloud-build/builds;region=us-central1/98f9e8a8-047a-468d-b356-15dfc9313515?project=843244814928. For more details see the logs at https://console.cloud.google.com/cloud-build/builds;region=us-central1/98f9e8a8-047a-468d-b356-15dfc9313515?project=843244814928."
    },
    "status": 13,
    "code": 13
  }
}
[debug] [2024-11-25T12:12:25.676Z] Error: Failed to create function api in region us-central1
    at C:\Users\Tanar\AppData\Roaming\npm\node_modules\firebase-tools\lib\deploy\functions\release\fabricator.js:294:27
    at process.processTicksAndRejections (node:internal/process/task_queues:95:5)
    at async Fabricator.createV2Function (C:\Users\Tanar\AppData\Roaming\npm\node_modules\firebase-tools\lib\deploy\functions\release\fabricator.js:278:30)
    at async Fabricator.createEndpoint (C:\Users\Tanar\AppData\Roaming\npm\node_modules\firebase-tools\lib\deploy\functions\release\fabricator.js:137:13)
    at async handle (C:\Users\Tanar\AppData\Roaming\npm\node_modules\firebase-tools\lib\deploy\functions\release\fabricator.js:89:17)
[error] 
[error] Error: There was an error deploying functions
